~/CKAD$ kubectl describe pods
Name:         pod-a
Namespace:    ggckad-s0
Priority:     0
Node:         bodynode-virtualbox/192.168.1.49
Start Time:   Mon, 04 May 2020 22:35:39 +0100
Labels:       app=ggckad
Annotations:  Status:  Running
IP:           10.244.1.5
IPs:
  IP:  10.244.1.5
Containers:
  simple-http-server:
    Container ID:   docker://00890764d2115041843bb7f00fe107a313acdbfe9a216a4e25ff7366c50fd234
    Image:          kubegoldenguide/simple-http-server
    Image ID:       docker-pullable://kubegoldenguide/simple-http-server@sha256:ba97485f6ccdcb29f20e2be55ab79352aa4fe6ad27ea56c7dfcf21a395d70872
    Port:           <none>
    Host Port:      <none>
    State:          Running
      Started:      Mon, 04 May 2020 22:38:51 +0100
    Ready:          True
    Restart Count:  0
    Environment:    <none>
    Mounts:
      /var/run/secrets/kubernetes.io/serviceaccount from default-token-tt2hg (ro)
Conditions:
  Type              Status
  Initialized       True 
  Ready             True 
  ContainersReady   True 
  PodScheduled      True 
Volumes:
  default-token-tt2hg:
    Type:        Secret (a volume populated by a Secret)
    SecretName:  default-token-tt2hg
    Optional:    false
QoS Class:       BestEffort
Node-Selectors:  <none>
Tolerations:     node.kubernetes.io/not-ready:NoExecute for 300s
                 node.kubernetes.io/unreachable:NoExecute for 300s
Events:          <none>


Name:         pod-b
Namespace:    ggckad-s0
Priority:     0
Node:         bodynode-virtualbox/192.168.1.49
Start Time:   Mon, 04 May 2020 22:35:48 +0100
Labels:       app=ggckad
Annotations:  Status:  Running
IP:           10.244.1.6
IPs:
  IP:  10.244.1.6
Containers:
  alpine-spin:
    Container ID:   docker://babac4ae879493d91906ca3461eb65eaa94a7daa0c7840420ac04511a6726d39
    Image:          kubegoldenguide/alpine-spin:1.0.0
    Image ID:       docker-pullable://kubegoldenguide/alpine-spin@sha256:e4856b0e84f9e43d010ff7dc124e4c22ed58737c4da176439efe4223c106da5d
    Port:           <none>
    Host Port:      <none>
    State:          Running
      Started:      Mon, 04 May 2020 22:36:39 +0100
    Ready:          True
    Restart Count:  0
    Environment:    <none>
    Mounts:
      /var/run/secrets/kubernetes.io/serviceaccount from default-token-tt2hg (ro)
  nginx:
    Container ID:   docker://00fafddd757df729c1518021a31eb7a98d252075a8e63b5dbe612573b7cdc4b8
    Image:          nginx:1.7.9
    Image ID:       docker-pullable://nginx@sha256:e3456c851a152494c3e4ff5fcc26f240206abac0c9d794affb40e0714846c451
    Port:           <none>
    Host Port:      <none>
    State:          Running
      Started:      Mon, 04 May 2020 22:41:12 +0100
    Ready:          True
    Restart Count:  0
    Environment:    <none>
    Mounts:
      /var/run/secrets/kubernetes.io/serviceaccount from default-token-tt2hg (ro)
Conditions:
  Type              Status
  Initialized       True 
  Ready             True 
  ContainersReady   True 
  PodScheduled      True 
Volumes:
  default-token-tt2hg:
    Type:        Secret (a volume populated by a Secret)
    SecretName:  default-token-tt2hg
    Optional:    false
QoS Class:       BestEffort
Node-Selectors:  <none>
Tolerations:     node.kubernetes.io/not-ready:NoExecute for 300s
                 node.kubernetes.io/unreachable:NoExecute for 300s
Events:          <none>