~/CKAD$ kubectl describe deployments
Name:               question-5-deployment
Namespace:          ggckad-s5
CreationTimestamp:  Tue, 05 May 2020 02:15:53 +0100
Labels:             client=user
Annotations:        deployment.kubernetes.io/revision: 1
Selector:           app=revproxy
Replicas:           6 desired | 6 updated | 6 total | 6 available | 0 unavailable
StrategyType:       Recreate
MinReadySeconds:    0
Pod Template:
  Labels:  app=revproxy
  Containers:
   nginx:
    Image:        nginx:1.7.9
    Port:         <none>
    Host Port:    <none>
    Environment:  <none>
    Mounts:       <none>
  Volumes:        <none>
Conditions:
  Type           Status  Reason
  ----           ------  ------
  Available      True    MinimumReplicasAvailable
  Progressing    True    NewReplicaSetAvailable
OldReplicaSets:  <none>
NewReplicaSet:   question-5-deployment-598595b75 (6/6 replicas created)
Events:
  Type    Reason             Age   From                   Message
  ----    ------             ----  ----                   -------
  Normal  ScalingReplicaSet  53s   deployment-controller  Scaled up replica set question-5-deployment-598595b75 to 6

  ~/CKAD$ kubectl describe pods
Name:         question-5-deployment-598595b75-88bcz
Namespace:    ggckad-s5
Priority:     0
Node:         bodynode-virtualbox/192.168.1.49
Start Time:   Tue, 05 May 2020 02:15:56 +0100
Labels:       app=revproxy
              pod-template-hash=598595b75
Annotations:  <none>
Status:       Running
IP:           10.244.1.11
IPs:
  IP:           10.244.1.11
Controlled By:  ReplicaSet/question-5-deployment-598595b75
Containers:
  nginx:
    Container ID:   docker://ebfef01b59fc46294d7f6ac4c38fd20116a1b13e506e8568aa9fb5fd8f5980c6
    Image:          nginx:1.7.9
    Image ID:       docker-pullable://nginx@sha256:e3456c851a152494c3e4ff5fcc26f240206abac0c9d794affb40e0714846c451
    Port:           <none>
    Host Port:      <none>
    State:          Running
      Started:      Tue, 05 May 2020 02:16:03 +0100
    Ready:          True
    Restart Count:  0
    Environment:    <none>
    Mounts:
      /var/run/secrets/kubernetes.io/serviceaccount from default-token-xvhpt (ro)
Conditions:
  Type              Status
  Initialized       True 
  Ready             True 
  ContainersReady   True 
  PodScheduled      True 
Volumes:
  default-token-xvhpt:
    Type:        Secret (a volume populated by a Secret)
    SecretName:  default-token-xvhpt
    Optional:    false
QoS Class:       BestEffort
Node-Selectors:  <none>
Tolerations:     node.kubernetes.io/not-ready:NoExecute for 300s
                 node.kubernetes.io/unreachable:NoExecute for 300s
Events:
  Type    Reason     Age   From                          Message
  ----    ------     ----  ----                          -------
  Normal  Scheduled  102s  default-scheduler             Successfully assigned ggckad-s5/question-5-deployment-598595b75-88bcz to bodynode-virtualbox
  Normal  Pulled     95s   kubelet, bodynode-virtualbox  Container image "nginx:1.7.9" already present on machine
  Normal  Created    95s   kubelet, bodynode-virtualbox  Created container nginx
  Normal  Started    93s   kubelet, bodynode-virtualbox  Started container nginx


Name:         question-5-deployment-598595b75-c5hsg
Namespace:    ggckad-s5
Priority:     0
Node:         bodynode-virtualbox/192.168.1.49
Start Time:   Tue, 05 May 2020 02:15:56 +0100
Labels:       app=revproxy
              pod-template-hash=598595b75
Annotations:  <none>
Status:       Running
IP:           10.244.1.13
IPs:
  IP:           10.244.1.13
Controlled By:  ReplicaSet/question-5-deployment-598595b75
Containers:
  nginx:
    Container ID:   docker://90edfe9b4e0181bf2324c040dcfedd560f0921f99abb39c8dcc8ab67663aa96d
    Image:          nginx:1.7.9
    Image ID:       docker-pullable://nginx@sha256:e3456c851a152494c3e4ff5fcc26f240206abac0c9d794affb40e0714846c451
    Port:           <none>
    Host Port:      <none>
    State:          Running
      Started:      Tue, 05 May 2020 02:16:09 +0100
    Ready:          True
    Restart Count:  0
    Environment:    <none>
    Mounts:
      /var/run/secrets/kubernetes.io/serviceaccount from default-token-xvhpt (ro)
Conditions:
  Type              Status
  Initialized       True 
  Ready             True 
  ContainersReady   True 
  PodScheduled      True 
Volumes:
  default-token-xvhpt:
    Type:        Secret (a volume populated by a Secret)
    SecretName:  default-token-xvhpt
    Optional:    false
QoS Class:       BestEffort
Node-Selectors:  <none>
Tolerations:     node.kubernetes.io/not-ready:NoExecute for 300s
                 node.kubernetes.io/unreachable:NoExecute for 300s
Events:
  Type    Reason     Age   From                          Message
  ----    ------     ----  ----                          -------
  Normal  Scheduled  102s  default-scheduler             Successfully assigned ggckad-s5/question-5-deployment-598595b75-c5hsg to bodynode-virtualbox
  Normal  Pulled     91s   kubelet, bodynode-virtualbox  Container image "nginx:1.7.9" already present on machine
  Normal  Created    88s   kubelet, bodynode-virtualbox  Created container nginx
  Normal  Started    87s   kubelet, bodynode-virtualbox  Started container nginx


Name:         question-5-deployment-598595b75-dk84b
Namespace:    ggckad-s5
Priority:     0
Node:         bodynode-virtualbox/192.168.1.49
Start Time:   Tue, 05 May 2020 02:15:56 +0100
Labels:       app=revproxy
              pod-template-hash=598595b75
Annotations:  <none>
Status:       Running
IP:           10.244.1.12
IPs:
  IP:           10.244.1.12
Controlled By:  ReplicaSet/question-5-deployment-598595b75
Containers:
  nginx:
    Container ID:   docker://3cf4520c846c65d0f35d5d9c09391a8fddddfe5dbd4308306ab7655289f039fc
    Image:          nginx:1.7.9
    Image ID:       docker-pullable://nginx@sha256:e3456c851a152494c3e4ff5fcc26f240206abac0c9d794affb40e0714846c451
    Port:           <none>
    Host Port:      <none>
    State:          Running
      Started:      Tue, 05 May 2020 02:16:05 +0100
    Ready:          True
    Restart Count:  0
    Environment:    <none>
    Mounts:
      /var/run/secrets/kubernetes.io/serviceaccount from default-token-xvhpt (ro)
Conditions:
  Type              Status
  Initialized       True 
  Ready             True 
  ContainersReady   True 
  PodScheduled      True 
Volumes:
  default-token-xvhpt:
    Type:        Secret (a volume populated by a Secret)
    SecretName:  default-token-xvhpt
    Optional:    false
QoS Class:       BestEffort
Node-Selectors:  <none>
Tolerations:     node.kubernetes.io/not-ready:NoExecute for 300s
                 node.kubernetes.io/unreachable:NoExecute for 300s
Events:
  Type    Reason     Age   From                          Message
  ----    ------     ----  ----                          -------
  Normal  Scheduled  102s  default-scheduler             Successfully assigned ggckad-s5/question-5-deployment-598595b75-dk84b to bodynode-virtualbox
  Normal  Pulled     93s   kubelet, bodynode-virtualbox  Container image "nginx:1.7.9" already present on machine
  Normal  Created    92s   kubelet, bodynode-virtualbox  Created container nginx
  Normal  Started    91s   kubelet, bodynode-virtualbox  Started container nginx


Name:         question-5-deployment-598595b75-s8cqb
Namespace:    ggckad-s5
Priority:     0
Node:         bodynode-virtualbox/192.168.1.49
Start Time:   Tue, 05 May 2020 02:15:56 +0100
Labels:       app=revproxy
              pod-template-hash=598595b75
Annotations:  <none>
Status:       Running
IP:           10.244.1.16
IPs:
  IP:           10.244.1.16
Controlled By:  ReplicaSet/question-5-deployment-598595b75
Containers:
  nginx:
    Container ID:   docker://37176bbec8019457f49e9bf4ce3cc64d957ae88729f72a7a7a1db3729b772382
    Image:          nginx:1.7.9
    Image ID:       docker-pullable://nginx@sha256:e3456c851a152494c3e4ff5fcc26f240206abac0c9d794affb40e0714846c451
    Port:           <none>
    Host Port:      <none>
    State:          Running
      Started:      Tue, 05 May 2020 02:16:09 +0100
    Ready:          True
    Restart Count:  0
    Environment:    <none>
    Mounts:
      /var/run/secrets/kubernetes.io/serviceaccount from default-token-xvhpt (ro)
Conditions:
  Type              Status
  Initialized       True 
  Ready             True 
  ContainersReady   True 
  PodScheduled      True 
Volumes:
  default-token-xvhpt:
    Type:        Secret (a volume populated by a Secret)
    SecretName:  default-token-xvhpt
    Optional:    false
QoS Class:       BestEffort
Node-Selectors:  <none>
Tolerations:     node.kubernetes.io/not-ready:NoExecute for 300s
                 node.kubernetes.io/unreachable:NoExecute for 300s
Events:
  Type    Reason     Age   From                          Message
  ----    ------     ----  ----                          -------
  Normal  Scheduled  102s  default-scheduler             Successfully assigned ggckad-s5/question-5-deployment-598595b75-s8cqb to bodynode-virtualbox
  Normal  Pulled     91s   kubelet, bodynode-virtualbox  Container image "nginx:1.7.9" already present on machine
  Normal  Created    89s   kubelet, bodynode-virtualbox  Created container nginx
  Normal  Started    87s   kubelet, bodynode-virtualbox  Started container nginx


Name:         question-5-deployment-598595b75-x6nnx
Namespace:    ggckad-s5
Priority:     0
Node:         bodynode-virtualbox/192.168.1.49
Start Time:   Tue, 05 May 2020 02:15:56 +0100
Labels:       app=revproxy
              pod-template-hash=598595b75
Annotations:  <none>
Status:       Running
IP:           10.244.1.15
IPs:
  IP:           10.244.1.15
Controlled By:  ReplicaSet/question-5-deployment-598595b75
Containers:
  nginx:
    Container ID:   docker://87aa7594d1baa03261b6b4bed19a3dd0af24ff9e4d2d3052e5d8ebb0ff683a86
    Image:          nginx:1.7.9
    Image ID:       docker-pullable://nginx@sha256:e3456c851a152494c3e4ff5fcc26f240206abac0c9d794affb40e0714846c451
    Port:           <none>
    Host Port:      <none>
    State:          Running
      Started:      Tue, 05 May 2020 02:16:09 +0100
    Ready:          True
    Restart Count:  0
    Environment:    <none>
    Mounts:
      /var/run/secrets/kubernetes.io/serviceaccount from default-token-xvhpt (ro)
Conditions:
  Type              Status
  Initialized       True 
  Ready             True 
  ContainersReady   True 
  PodScheduled      True 
Volumes:
  default-token-xvhpt:
    Type:        Secret (a volume populated by a Secret)
    SecretName:  default-token-xvhpt
    Optional:    false
QoS Class:       BestEffort
Node-Selectors:  <none>
Tolerations:     node.kubernetes.io/not-ready:NoExecute for 300s
                 node.kubernetes.io/unreachable:NoExecute for 300s
Events:
  Type    Reason     Age   From                          Message
  ----    ------     ----  ----                          -------
  Normal  Scheduled  102s  default-scheduler             Successfully assigned ggckad-s5/question-5-deployment-598595b75-x6nnx to bodynode-virtualbox
  Normal  Pulled     91s   kubelet, bodynode-virtualbox  Container image "nginx:1.7.9" already present on machine
  Normal  Created    88s   kubelet, bodynode-virtualbox  Created container nginx
  Normal  Started    87s   kubelet, bodynode-virtualbox  Started container nginx


Name:         question-5-deployment-598595b75-zfd6b
Namespace:    ggckad-s5
Priority:     0
Node:         bodynode-virtualbox/192.168.1.49
Start Time:   Tue, 05 May 2020 02:15:56 +0100
Labels:       app=revproxy
              pod-template-hash=598595b75
Annotations:  <none>
Status:       Running
IP:           10.244.1.14
IPs:
  IP:           10.244.1.14
Controlled By:  ReplicaSet/question-5-deployment-598595b75
Containers:
  nginx:
    Container ID:   docker://20dd1d9d3f07a56ce0a096f7f3c8967e10503f5f5f8cb9995817d46e61fdf71a
    Image:          nginx:1.7.9
    Image ID:       docker-pullable://nginx@sha256:e3456c851a152494c3e4ff5fcc26f240206abac0c9d794affb40e0714846c451
    Port:           <none>
    Host Port:      <none>
    State:          Running
      Started:      Tue, 05 May 2020 02:16:09 +0100
    Ready:          True
    Restart Count:  0
    Environment:    <none>
    Mounts:
      /var/run/secrets/kubernetes.io/serviceaccount from default-token-xvhpt (ro)
Conditions:
  Type              Status
  Initialized       True 
  Ready             True 
  ContainersReady   True 
  PodScheduled      True 
Volumes:
  default-token-xvhpt:
    Type:        Secret (a volume populated by a Secret)
    SecretName:  default-token-xvhpt
    Optional:    false
QoS Class:       BestEffort
Node-Selectors:  <none>
Tolerations:     node.kubernetes.io/not-ready:NoExecute for 300s
                 node.kubernetes.io/unreachable:NoExecute for 300s
Events:
  Type    Reason     Age   From                          Message
  ----    ------     ----  ----                          -------
  Normal  Scheduled  102s  default-scheduler             Successfully assigned ggckad-s5/question-5-deployment-598595b75-zfd6b to bodynode-virtualbox
  Normal  Pulled     91s   kubelet, bodynode-virtualbox  Container image "nginx:1.7.9" already present on machine
  Normal  Created    89s   kubelet, bodynode-virtualbox  Created container nginx
  Normal  Started    87s   kubelet, bodynode-virtualbox  Started container nginx